<?xml version="1.0" encoding="UTF-8"?>
<!-- Generated by org.testng.reporters.JUnitReportReporter -->
<testsuite hostname="RANJIT" failures="0" tests="1" name="com.ds.testLayer.TranactionTest" time="19.661" errors="0" timestamp="2023-02-05T00:16:18 IST" skipped="0">
  <testcase classname="com.ds.testLayer.TranactionTest" name="getDataFromTransactionPage" time="19.661"/>
  <system-out/>
</testsuite> <!-- com.ds.testLayer.TranactionTest -->
