<?xml version="1.0" encoding="UTF-8"?>
<!-- Generated by org.testng.reporters.JUnitReportReporter -->
<testsuite hostname="RANJIT" failures="0" tests="1" name="com.ds.testLayer.LogoutFunctionality" time="14.103" errors="0" timestamp="2023-02-05T00:16:18 IST" skipped="0">
  <testcase classname="com.ds.testLayer.LogoutFunctionality" name="verifyLogoutFunctionality" time="14.103"/>
  <system-out/>
</testsuite> <!-- com.ds.testLayer.LogoutFunctionality -->
